[INFO] Scanning for projects...
[INFO] Downloading from central: https://repo.maven.apache.org/maven2/org/sonarsource/scanner/maven/sonar-maven-plugin/3.1.1/sonar-maven-plugin-3.1.1.pom
[INFO] Downloaded from central: https://repo.maven.apache.org/maven2/org/sonarsource/scanner/maven/sonar-maven-plugin/3.1.1/sonar-maven-plugin-3.1.1.pom (9.1 kB at 7.5 kB/s)
[INFO] Downloading from central: https://repo.maven.apache.org/maven2/org/sonarsource/parent/parent/36/parent-36.pom
[INFO] Downloaded from central: https://repo.maven.apache.org/maven2/org/sonarsource/parent/parent/36/parent-36.pom (29 kB at 66 kB/s)
[INFO] Downloading from central: https://repo.maven.apache.org/maven2/org/sonarsource/scanner/maven/sonar-maven-plugin/3.1.1/sonar-maven-plugin-3.1.1.jar
[INFO] Downloaded from central: https://repo.maven.apache.org/maven2/org/sonarsource/scanner/maven/sonar-maven-plugin/3.1.1/sonar-maven-plugin-3.1.1.jar (52 kB at 116 kB/s)
[INFO] Downloading from central: https://repo.maven.apache.org/maven2/org/eluder/coveralls/coveralls-maven-plugin/4.3.0/coveralls-maven-plugin-4.3.0.pom
[INFO] Downloaded from central: https://repo.maven.apache.org/maven2/org/eluder/coveralls/coveralls-maven-plugin/4.3.0/coveralls-maven-plugin-4.3.0.pom (10 kB at 28 kB/s)
[INFO] Downloading from central: https://repo.maven.apache.org/maven2/org/eluder/eluder-parent/8/eluder-parent-8.pom
[INFO] Downloaded from central: https://repo.maven.apache.org/maven2/org/eluder/eluder-parent/8/eluder-parent-8.pom (15 kB at 41 kB/s)
[INFO] Downloading from central: https://repo.maven.apache.org/maven2/org/eluder/coveralls/coveralls-maven-plugin/4.3.0/coveralls-maven-plugin-4.3.0.jar
[INFO] Downloaded from central: https://repo.maven.apache.org/maven2/org/eluder/coveralls/coveralls-maven-plugin/4.3.0/coveralls-maven-plugin-4.3.0.jar (90 kB at 203 kB/s)
[WARNING] The POM for com.github.spotbugs:spotbugs-maven-plugin:jar:4.1.4-ZY is missing, no dependency information available
[WARNING] Failed to retrieve plugin descriptor for com.github.spotbugs:spotbugs-maven-plugin:4.1.4-ZY: Plugin com.github.spotbugs:spotbugs-maven-plugin:4.1.4-ZY or one of its dependencies could not be resolved: Failure to find com.github.spotbugs:spotbugs-maven-plugin:jar:4.1.4-ZY in https://repo.maven.apache.org/maven2 was cached in the local repository, resolution will not be reattempted until the update interval of central has elapsed or updates are forced
[INFO] 
[INFO] ---------------------< com.github.houbb:opencc4j >----------------------
[INFO] Building opencc4j 1.6.0
[INFO] --------------------------------[ jar ]---------------------------------
[WARNING] The POM for com.github.spotbugs:spotbugs-maven-plugin:jar:4.1.4-ZY is missing, no dependency information available
[WARNING] Failed to retrieve plugin descriptor for com.github.spotbugs:spotbugs-maven-plugin:4.1.4-ZY: Plugin com.github.spotbugs:spotbugs-maven-plugin:4.1.4-ZY or one of its dependencies could not be resolved: Failure to find com.github.spotbugs:spotbugs-maven-plugin:jar:4.1.4-ZY in https://repo.maven.apache.org/maven2 was cached in the local repository, resolution will not be reattempted until the update interval of central has elapsed or updates are forced
[INFO] Downloading from central: https://repo.maven.apache.org/maven2/com/github/houbb/heaven/0.1.106/heaven-0.1.106.pom
[INFO] Downloaded from central: https://repo.maven.apache.org/maven2/com/github/houbb/heaven/0.1.106/heaven-0.1.106.pom (9.8 kB at 27 kB/s)
[INFO] Downloading from central: https://repo.maven.apache.org/maven2/com/github/houbb/nlp-common/0.0.2/nlp-common-0.0.2.pom
[INFO] Downloaded from central: https://repo.maven.apache.org/maven2/com/github/houbb/nlp-common/0.0.2/nlp-common-0.0.2.pom (9.1 kB at 25 kB/s)
[INFO] Downloading from central: https://repo.maven.apache.org/maven2/com/github/houbb/heaven/0.1.76/heaven-0.1.76.pom
[INFO] Downloaded from central: https://repo.maven.apache.org/maven2/com/github/houbb/heaven/0.1.76/heaven-0.1.76.pom (9.7 kB at 27 kB/s)
[INFO] Downloading from central: https://repo.maven.apache.org/maven2/com/huaban/jieba-analysis/1.0.2/jieba-analysis-1.0.2.pom
[INFO] Downloaded from central: https://repo.maven.apache.org/maven2/com/huaban/jieba-analysis/1.0.2/jieba-analysis-1.0.2.pom (7.2 kB at 20 kB/s)
[INFO] Downloading from central: https://repo.maven.apache.org/maven2/com/github/houbb/heaven/0.1.106/heaven-0.1.106.jar
[INFO] Downloading from central: https://repo.maven.apache.org/maven2/com/github/houbb/nlp-common/0.0.2/nlp-common-0.0.2.jar
[INFO] Downloading from central: https://repo.maven.apache.org/maven2/org/apache/commons/commons-lang3/3.3.1/commons-lang3-3.3.1.jar
[INFO] Downloading from central: https://repo.maven.apache.org/maven2/com/huaban/jieba-analysis/1.0.2/jieba-analysis-1.0.2.jar
[INFO] Downloaded from central: https://repo.maven.apache.org/maven2/com/github/houbb/heaven/0.1.106/heaven-0.1.106.jar (258 kB at 394 kB/s)
[INFO] Downloaded from central: https://repo.maven.apache.org/maven2/org/apache/commons/commons-lang3/3.3.1/commons-lang3-3.3.1.jar (413 kB at 242 kB/s)
[INFO] Downloaded from central: https://repo.maven.apache.org/maven2/com/huaban/jieba-analysis/1.0.2/jieba-analysis-1.0.2.jar (2.2 MB at 1.1 MB/s)
[INFO] Downloaded from central: https://repo.maven.apache.org/maven2/com/github/houbb/nlp-common/0.0.2/nlp-common-0.0.2.jar (2.0 MB at 644 kB/s)
[INFO] 
[INFO] --- maven-clean-plugin:2.5:clean (default-clean) @ opencc4j ---
[INFO] Deleting /home/codegex/Documents/workspace/rbugs/experiment/top100repos/opencc4j/target
[INFO] 
[INFO] --- maven-enforcer-plugin:1.0:enforce (enforce-maven) @ opencc4j ---
[INFO] 
[INFO] --- maven-resources-plugin:2.6:resources (default-resources) @ opencc4j ---
[INFO] Using 'UTF-8' encoding to copy filtered resources.
[INFO] Copying 4 resources
[INFO] 
[INFO] --- maven-compiler-plugin:3.2:compile (default-compile) @ opencc4j ---
[INFO] Downloading from central: https://repo.maven.apache.org/maven2/org/codehaus/plexus/plexus-compiler-api/2.4/plexus-compiler-api-2.4.pom
[INFO] Downloaded from central: https://repo.maven.apache.org/maven2/org/codehaus/plexus/plexus-compiler-api/2.4/plexus-compiler-api-2.4.pom (865 B at 2.4 kB/s)
[INFO] Downloading from central: https://repo.maven.apache.org/maven2/org/codehaus/plexus/plexus-compiler/2.4/plexus-compiler-2.4.pom
[INFO] Downloaded from central: https://repo.maven.apache.org/maven2/org/codehaus/plexus/plexus-compiler/2.4/plexus-compiler-2.4.pom (5.3 kB at 14 kB/s)
[INFO] Downloading from central: https://repo.maven.apache.org/maven2/org/codehaus/plexus/plexus-compiler-manager/2.4/plexus-compiler-manager-2.4.pom
[INFO] Downloaded from central: https://repo.maven.apache.org/maven2/org/codehaus/plexus/plexus-compiler-manager/2.4/plexus-compiler-manager-2.4.pom (690 B at 1.9 kB/s)
[INFO] Downloading from central: https://repo.maven.apache.org/maven2/org/codehaus/plexus/plexus-compiler-javac/2.4/plexus-compiler-javac-2.4.pom
[INFO] Downloaded from central: https://repo.maven.apache.org/maven2/org/codehaus/plexus/plexus-compiler-javac/2.4/plexus-compiler-javac-2.4.pom (769 B at 2.1 kB/s)
[INFO] Downloading from central: https://repo.maven.apache.org/maven2/org/codehaus/plexus/plexus-compilers/2.4/plexus-compilers-2.4.pom
[INFO] Downloaded from central: https://repo.maven.apache.org/maven2/org/codehaus/plexus/plexus-compilers/2.4/plexus-compilers-2.4.pom (1.3 kB at 3.5 kB/s)
[INFO] Downloading from central: https://repo.maven.apache.org/maven2/org/codehaus/plexus/plexus-compiler-api/2.4/plexus-compiler-api-2.4.jar
[INFO] Downloading from central: https://repo.maven.apache.org/maven2/org/codehaus/plexus/plexus-compiler-manager/2.4/plexus-compiler-manager-2.4.jar
[INFO] Downloading from central: https://repo.maven.apache.org/maven2/org/codehaus/plexus/plexus-compiler-javac/2.4/plexus-compiler-javac-2.4.jar
[INFO] Downloaded from central: https://repo.maven.apache.org/maven2/org/codehaus/plexus/plexus-compiler-manager/2.4/plexus-compiler-manager-2.4.jar (4.6 kB at 13 kB/s)
[INFO] Downloaded from central: https://repo.maven.apache.org/maven2/org/codehaus/plexus/plexus-compiler-javac/2.4/plexus-compiler-javac-2.4.jar (19 kB at 50 kB/s)
[INFO] Downloaded from central: https://repo.maven.apache.org/maven2/org/codehaus/plexus/plexus-compiler-api/2.4/plexus-compiler-api-2.4.jar (25 kB at 65 kB/s)
[INFO] Changes detected - recompiling the module!
[INFO] Compiling 35 source files to /home/codegex/Documents/workspace/rbugs/experiment/top100repos/opencc4j/target/classes
[INFO] 
[INFO] --- maven-resources-plugin:2.6:testResources (default-testResources) @ opencc4j ---
[INFO] Using 'UTF-8' encoding to copy filtered resources.
[INFO] skip non existing resourceDirectory /home/codegex/Documents/workspace/rbugs/experiment/top100repos/opencc4j/src/test/resources
[INFO] 
[INFO] --- maven-compiler-plugin:3.2:testCompile (default-testCompile) @ opencc4j ---
[INFO] Changes detected - recompiling the module!
[INFO] Compiling 17 source files to /home/codegex/Documents/workspace/rbugs/experiment/top100repos/opencc4j/target/test-classes
[INFO] /home/codegex/Documents/workspace/rbugs/experiment/top100repos/opencc4j/src/test/java/com/github/houbb/opencc4j/core/ZhConvertBootstrapTest.java: /home/codegex/Documents/workspace/rbugs/experiment/top100repos/opencc4j/src/test/java/com/github/houbb/opencc4j/core/ZhConvertBootstrapTest.java uses or overrides a deprecated API.
[INFO] /home/codegex/Documents/workspace/rbugs/experiment/top100repos/opencc4j/src/test/java/com/github/houbb/opencc4j/core/ZhConvertBootstrapTest.java: Recompile with -Xlint:deprecation for details.
[INFO] 
[INFO] --- maven-surefire-plugin:2.18.1:test (default-test) @ opencc4j ---
[INFO] Surefire report directory: /home/codegex/Documents/workspace/rbugs/experiment/top100repos/opencc4j/target/surefire-reports
[INFO] Downloading from central: https://repo.maven.apache.org/maven2/org/apache/maven/surefire/surefire-junit4/2.18.1/surefire-junit4-2.18.1.pom
[INFO] Downloaded from central: https://repo.maven.apache.org/maven2/org/apache/maven/surefire/surefire-junit4/2.18.1/surefire-junit4-2.18.1.pom (2.5 kB at 6.9 kB/s)
[INFO] Downloading from central: https://repo.maven.apache.org/maven2/org/apache/maven/surefire/surefire-providers/2.18.1/surefire-providers-2.18.1.pom
[INFO] Downloaded from central: https://repo.maven.apache.org/maven2/org/apache/maven/surefire/surefire-providers/2.18.1/surefire-providers-2.18.1.pom (2.5 kB at 6.9 kB/s)
[INFO] Downloading from central: https://repo.maven.apache.org/maven2/org/apache/maven/surefire/surefire-junit4/2.18.1/surefire-junit4-2.18.1.jar
[INFO] Downloaded from central: https://repo.maven.apache.org/maven2/org/apache/maven/surefire/surefire-junit4/2.18.1/surefire-junit4-2.18.1.jar (68 kB at 158 kB/s)

-------------------------------------------------------
 T E S T S
-------------------------------------------------------
Running com.github.houbb.opencc4j.exception.Opencc4jRuntimeExceptionTest
Tests run: 1, Failures: 0, Errors: 0, Skipped: 0, Time elapsed: 0.001 sec - in com.github.houbb.opencc4j.exception.Opencc4jRuntimeExceptionTest
Running com.github.houbb.opencc4j.support.data.TSCharDataTest
4188
Tests run: 1, Failures: 0, Errors: 0, Skipped: 0, Time elapsed: 0.029 sec - in com.github.houbb.opencc4j.support.data.TSCharDataTest
Running com.github.houbb.opencc4j.support.data.TSPhraseDataTest
Tests run: 1, Failures: 0, Errors: 0, Skipped: 0, Time elapsed: 0.002 sec - in com.github.houbb.opencc4j.support.data.TSPhraseDataTest
Running com.github.houbb.opencc4j.support.data.STCharDataTest
Tests run: 1, Failures: 0, Errors: 0, Skipped: 0, Time elapsed: 0.013 sec - in com.github.houbb.opencc4j.support.data.STCharDataTest
Running com.github.houbb.opencc4j.support.data.STPhraseDataTest
Tests run: 1, Failures: 0, Errors: 0, Skipped: 0, Time elapsed: 0.087 sec - in com.github.houbb.opencc4j.support.data.STPhraseDataTest
Running com.github.houbb.opencc4j.support.segment.HuaBanSegmentTest
main dict load finished, time elapsed 554 ms
model load finished, time elapsed 29 ms.
[爱, 我, 中华文化]
Tests run: 1, Failures: 0, Errors: 0, Skipped: 0, Time elapsed: 0.588 sec - in com.github.houbb.opencc4j.support.segment.HuaBanSegmentTest
Running com.github.houbb.opencc4j.support.segment.CharSegmentTest
Tests run: 1, Failures: 0, Errors: 0, Skipped: 0, Time elapsed: 0 sec - in com.github.houbb.opencc4j.support.segment.CharSegmentTest
Running com.github.houbb.opencc4j.support.convert.DefaultUnitConvertTest
Tests run: 2, Failures: 0, Errors: 0, Skipped: 0, Time elapsed: 0.001 sec - in com.github.houbb.opencc4j.support.convert.DefaultUnitConvertTest
Running com.github.houbb.opencc4j.util.ZhConverterUtilThreadTest
Tests run: 1, Failures: 0, Errors: 0, Skipped: 1, Time elapsed: 0 sec - in com.github.houbb.opencc4j.util.ZhConverterUtilThreadTest
Running com.github.houbb.opencc4j.util.JiebaSegmenterTest
[[这是, 0, 2], [一个, 2, 4], [伸手, 4, 6], [不见, 6, 8], [五指, 8, 10], [伸手不见五指, 4, 10], [的, 10, 11], [黑夜, 11, 13], [。, 13, 14], [我, 14, 15], [叫, 15, 16], [悟空, 17, 19], [孙悟空, 16, 19], [，, 19, 20], [我, 20, 21], [爱, 21, 22], [北京, 22, 24], [，, 24, 25], [我, 25, 26], [爱, 26, 27], [python, 27, 33], [和, 33, 34], [c++, 34, 37], [。, 37, 38]]
[[我, 0, 1], [不, 1, 2], [喜欢, 2, 4], [日本, 4, 6], [和服, 6, 8], [。, 8, 9]]
[[这是, 0, 2], [一个, 2, 4], [伸手, 4, 6], [不见, 6, 8], [五指, 8, 10], [伸手不见五指, 4, 10], [的, 10, 11], [黑夜, 11, 13], [。, 13, 14], [我, 14, 15], [叫, 15, 16], [悟空, 17, 19], [孙悟空, 16, 19], [，, 19, 20], [我, 20, 21], [爱, 21, 22], [北京, 22, 24], [，, 24, 25], [我, 25, 26], [爱, 26, 27], [python, 27, 33], [和, 33, 34], [c++, 34, 37], [。, 37, 38]]
[[雷猴, 0, 2], [回归, 2, 4], [人间, 4, 6], [。, 6, 7]]
[[我, 0, 1], [不, 1, 2], [喜欢, 2, 4], [日本, 4, 6], [和服, 6, 8], [。, 8, 9]]
[[雷猴, 0, 2], [回归, 2, 4], [人间, 4, 6], [。, 6, 7]]
[[工信处, 0, 3], [干事, 4, 6], [女干事, 3, 6], [每月, 6, 8], [经过, 8, 10], [下属, 10, 12], [科室, 12, 14], [都, 14, 15], [要, 15, 16], [亲口, 16, 18], [交代, 18, 20], [24, 20, 22], [口, 22, 23], [交换, 23, 25], [换机, 24, 26], [交换机, 23, 26], [等, 26, 27], [技术, 27, 29], [技术性, 27, 30], [器件, 30, 32], [的, 32, 33], [安装, 33, 35], [工作, 35, 37]]
[[结果, 0, 2], [婚, 2, 3], [的, 3, 4], [和, 4, 5], [尚未, 5, 7], [结过, 7, 9], [结过婚, 7, 10], [的, 10, 11]]
Tests run: 2, Failures: 0, Errors: 0, Skipped: 0, Time elapsed: 0.004 sec - in com.github.houbb.opencc4j.util.JiebaSegmenterTest
Running com.github.houbb.opencc4j.util.ZhConverterUtilTest
[[工信处, 0, 3], [干事, 4, 6], [女干事, 3, 6], [每月, 6, 8], [经过, 8, 10], [下属, 10, 12], [科室, 12, 14], [都, 14, 15], [要, 15, 16], [亲口, 16, 18], [交代, 18, 20], [24, 20, 22], [口, 22, 23], [交换, 23, 25], [换机, 24, 26], [交换机, 23, 26], [等, 26, 27], [技术, 27, 29], [技术性, 27, 30], [器件, 30, 32], [的, 32, 33], [安装, 33, 35], [工作, 35, 37]]
[[结果, 0, 2], [婚, 2, 3], [的, 3, 4], [和, 4, 5], [尚未, 5, 7], [结过, 7, 9], [结过婚, 7, 10], [的, 10, 11]]
[NLP] trie map loaded cost time 36 ms!
新增 IDataMap 接口，便於後期繁簡體轉換字典的拓展
Tests run: 14, Failures: 0, Errors: 0, Skipped: 0, Time elapsed: 0.042 sec - in com.github.houbb.opencc4j.util.ZhConverterUtilTest
Running com.github.houbb.opencc4j.util.ZhConverterUtilBugFixedTest
Tests run: 2, Failures: 0, Errors: 0, Skipped: 0, Time elapsed: 0 sec - in com.github.houbb.opencc4j.util.ZhConverterUtilBugFixedTest
Running com.github.houbb.opencc4j.core.ZhConvertBootstrapTest
Tests run: 8, Failures: 0, Errors: 0, Skipped: 1, Time elapsed: 0.001 sec - in com.github.houbb.opencc4j.core.ZhConvertBootstrapTest
Running com.github.houbb.opencc4j.model.data.DataInfoTest
Tests run: 1, Failures: 0, Errors: 0, Skipped: 0, Time elapsed: 0 sec - in com.github.houbb.opencc4j.model.data.DataInfoTest
Running com.github.houbb.opencc4j.constant.AppConstantTest
Tests run: 1, Failures: 0, Errors: 0, Skipped: 0, Time elapsed: 0 sec - in com.github.houbb.opencc4j.constant.AppConstantTest

Results :

Tests run: 38, Failures: 0, Errors: 0, Skipped: 2

[INFO] 
[INFO] --- maven-jar-plugin:2.4:jar (default-jar) @ opencc4j ---
[INFO] Building jar: /home/codegex/Documents/workspace/rbugs/experiment/top100repos/opencc4j/target/opencc4j.jar
[INFO] 
[INFO] --- maven-install-plugin:2.4:install (default-install) @ opencc4j ---
[INFO] Installing /home/codegex/Documents/workspace/rbugs/experiment/top100repos/opencc4j/target/opencc4j.jar to /home/codegex/.m2/repository/com/github/houbb/opencc4j/1.6.0/opencc4j-1.6.0.jar
[INFO] Installing /home/codegex/Documents/workspace/rbugs/experiment/top100repos/opencc4j/pom.xml to /home/codegex/.m2/repository/com/github/houbb/opencc4j/1.6.0/opencc4j-1.6.0.pom
[INFO] 
[INFO] --- maven-dependency-plugin:2.8:purge-local-repository (default-cli) @ opencc4j ---
[INFO] Downloading from central: https://repo.maven.apache.org/maven2/com/github/houbb/heaven/0.1.106/heaven-0.1.106.pom
[INFO] Downloaded from central: https://repo.maven.apache.org/maven2/com/github/houbb/heaven/0.1.106/heaven-0.1.106.pom (9.8 kB at 26 kB/s)
[INFO] Downloading from central: https://repo.maven.apache.org/maven2/org/apiguardian/apiguardian-api/1.0.0/apiguardian-api-1.0.0.pom
[INFO] Downloaded from central: https://repo.maven.apache.org/maven2/org/apiguardian/apiguardian-api/1.0.0/apiguardian-api-1.0.0.pom (1.2 kB at 2.7 kB/s)
[INFO] Downloading from central: https://repo.maven.apache.org/maven2/com/github/houbb/nlp-common/0.0.2/nlp-common-0.0.2.pom
[INFO] Downloaded from central: https://repo.maven.apache.org/maven2/com/github/houbb/nlp-common/0.0.2/nlp-common-0.0.2.pom (9.1 kB at 20 kB/s)
[INFO] Downloading from central: https://repo.maven.apache.org/maven2/junit/junit/4.12/junit-4.12.pom
[INFO] Downloaded from central: https://repo.maven.apache.org/maven2/junit/junit/4.12/junit-4.12.pom (24 kB at 52 kB/s)
[INFO] Downloading from central: https://repo.maven.apache.org/maven2/org/hamcrest/hamcrest-core/1.3/hamcrest-core-1.3.pom
[INFO] Downloaded from central: https://repo.maven.apache.org/maven2/org/hamcrest/hamcrest-core/1.3/hamcrest-core-1.3.pom (766 B at 2.1 kB/s)
[INFO] Downloading from central: https://repo.maven.apache.org/maven2/com/huaban/jieba-analysis/1.0.2/jieba-analysis-1.0.2.pom
[INFO] Downloaded from central: https://repo.maven.apache.org/maven2/com/huaban/jieba-analysis/1.0.2/jieba-analysis-1.0.2.pom (7.2 kB at 19 kB/s)
[INFO] Downloading from central: https://repo.maven.apache.org/maven2/org/apache/commons/commons-lang3/3.3.1/commons-lang3-3.3.1.pom
[INFO] Downloaded from central: https://repo.maven.apache.org/maven2/org/apache/commons/commons-lang3/3.3.1/commons-lang3-3.3.1.pom (20 kB at 52 kB/s)
[INFO] Downloading from central: https://repo.maven.apache.org/maven2/com/github/houbb/heaven/0.1.106/heaven-0.1.106.jar
[INFO] Downloaded from central: https://repo.maven.apache.org/maven2/com/github/houbb/heaven/0.1.106/heaven-0.1.106.jar (258 kB at 408 kB/s)
[INFO] Downloading from central: https://repo.maven.apache.org/maven2/org/apiguardian/apiguardian-api/1.0.0/apiguardian-api-1.0.0.jar
[INFO] Downloaded from central: https://repo.maven.apache.org/maven2/org/apiguardian/apiguardian-api/1.0.0/apiguardian-api-1.0.0.jar (2.2 kB at 5.9 kB/s)
[INFO] Downloading from central: https://repo.maven.apache.org/maven2/com/github/houbb/nlp-common/0.0.2/nlp-common-0.0.2.jar
[INFO] Downloaded from central: https://repo.maven.apache.org/maven2/com/github/houbb/nlp-common/0.0.2/nlp-common-0.0.2.jar (2.0 MB at 637 kB/s)
[INFO] Downloading from central: https://repo.maven.apache.org/maven2/junit/junit/4.12/junit-4.12.jar
[INFO] Downloaded from central: https://repo.maven.apache.org/maven2/junit/junit/4.12/junit-4.12.jar (315 kB at 366 kB/s)
[INFO] Downloading from central: https://repo.maven.apache.org/maven2/org/hamcrest/hamcrest-core/1.3/hamcrest-core-1.3.jar
[INFO] Downloaded from central: https://repo.maven.apache.org/maven2/org/hamcrest/hamcrest-core/1.3/hamcrest-core-1.3.jar (45 kB at 107 kB/s)
[INFO] Downloading from central: https://repo.maven.apache.org/maven2/com/huaban/jieba-analysis/1.0.2/jieba-analysis-1.0.2.jar
[INFO] Downloaded from central: https://repo.maven.apache.org/maven2/com/huaban/jieba-analysis/1.0.2/jieba-analysis-1.0.2.jar (2.2 MB at 336 kB/s)
[INFO] Downloading from central: https://repo.maven.apache.org/maven2/org/apache/commons/commons-lang3/3.3.1/commons-lang3-3.3.1.jar
[INFO] Downloaded from central: https://repo.maven.apache.org/maven2/org/apache/commons/commons-lang3/3.3.1/commons-lang3-3.3.1.jar (413 kB at 160 kB/s)
[INFO] ------------------------------------------------------------------------
[INFO] BUILD SUCCESS
[INFO] ------------------------------------------------------------------------
[INFO] Total time:  31.629 s
[INFO] Finished at: 2021-03-28T09:54:05+08:00
[INFO] ------------------------------------------------------------------------
WARNING: An illegal reflective access operation has occurred
WARNING: Illegal reflective access by com.google.inject.internal.cglib.core.$ReflectUtils$1 (file:/usr/share/maven/lib/guice.jar) to method java.lang.ClassLoader.defineClass(java.lang.String,byte[],int,int,java.security.ProtectionDomain)
WARNING: Please consider reporting this to the maintainers of com.google.inject.internal.cglib.core.$ReflectUtils$1
WARNING: Use --illegal-access=warn to enable warnings of further illegal reflective access operations
WARNING: All illegal access operations will be denied in a future release
